<?xml version="1.0" encoding="UTF-8"?>
<!-- Generated by org.testng.reporters.JUnitXMLReporter -->
<testsuite hostname="hp" ignored="0" name="Smoke Testcases" tests="1" failures="0" timestamp="07 Jul 2019 14:44:15 GMT" time="0.124" errors="0">
  <testcase name="@BeforeClass setUp" time="0.0" classname="com.seleniumHybridFramework.testCases.BaseClass">
    <failure type="org.testng.TestNGException" message="
Can inject only one of &amp;lt;ITestContext, XmlTest&amp;gt; into a @BeforeClass annotated setUp.
For more information on native dependency injection please refer to http://testng.org/doc/documentation-main.html#native-dependency-injection">
      <![CDATA[org.testng.TestNGException: 
Can inject only one of <ITestContext, XmlTest> into a @BeforeClass annotated setUp.
For more information on native dependency injection please refer to http://testng.org/doc/documentation-main.html#native-dependency-injection
... Removed 23 stack frames]]>
    </failure>
  </testcase> <!-- @BeforeClass setUp -->
  <testcase name="@AfterClass tearDown" time="0.0" classname="com.seleniumHybridFramework.testCases.BaseClass">
    <skipped/>
  </testcase> <!-- @AfterClass tearDown -->
  <testcase name="LoginApplication" time="0.0" classname="com.seleniumHybridFramework.testCases.TC_LoginPage_001">
    <skipped/>
  </testcase> <!-- LoginApplication -->
</testsuite> <!-- Smoke Testcases -->
