<?xml version="1.0" encoding="UTF-8"?>
<testng-results skipped="0" failed="0" ignored="0" total="2" passed="2">
  <reporter-output>
  </reporter-output>
  <suite name="InetBankingV1" duration-ms="51744" started-at="2020-09-17T12:55:46Z" finished-at="2020-09-17T12:56:38Z">
    <groups>
    </groups>
    <test name="BankingApp Test" duration-ms="51744" started-at="2020-09-17T12:55:46Z" finished-at="2020-09-17T12:56:38Z">
      <class name="sample.ParallelExecutionDemo">
        <test-method status="PASS" signature="googleTC()[pri:0, instance:sample.ParallelExecutionDemo@1b26f7b2]" name="googleTC" duration-ms="45065" started-at="2020-09-17T12:55:46Z" finished-at="2020-09-17T12:56:31Z">
          <reporter-output>
          </reporter-output>
        </test-method> <!-- googleTC -->
        <test-method status="PASS" signature="fbTC()[pri:0, instance:sample.ParallelExecutionDemo@1b26f7b2]" name="fbTC" duration-ms="51282" started-at="2020-09-17T12:55:46Z" finished-at="2020-09-17T12:56:38Z">
          <reporter-output>
          </reporter-output>
        </test-method> <!-- fbTC -->
      </class> <!-- sample.ParallelExecutionDemo -->
    </test> <!-- BankingApp Test -->
  </suite> <!-- InetBankingV1 -->
</testng-results>
